This file contains any messages produced by compilers while
running configure, to aid debugging if configure makes a mistake.

It was created by sprint_config configure version_0.9, which was
generated by GNU Autoconf 2.69.  Invocation command line was

  $ ./configure 

## --------- ##
## Platform. ##
## --------- ##

hostname = crwr890805
uname -m = x86_64
uname -r = 4.15.0-106-generic
uname -s = Linux
uname -v = #107-Ubuntu SMP Thu Jun 4 11:27:52 UTC 2020

/usr/bin/uname -p = unknown
/bin/uname -X     = unknown

/bin/arch              = unknown
/usr/bin/arch -k       = unknown
/usr/convex/getsysinfo = unknown
/usr/bin/hostinfo      = unknown
/bin/machine           = unknown
/usr/bin/oslevel       = unknown
/bin/universe          = unknown

PATH: /home/cy4782/anaconda2/bin
PATH: /home/cy4782/anaconda2/condabin
PATH: /usr/local/sbin
PATH: /usr/local/bin
PATH: /usr/sbin
PATH: /usr/bin
PATH: /sbin
PATH: /bin
PATH: /usr/games
PATH: /usr/local/games
PATH: /snap/bin


## ----------- ##
## Core tests. ##
## ----------- ##

configure:2121: Checking required libraries for SPRNT
configure:2175: checking for gcc
configure:2191: found /usr/bin/gcc
configure:2202: result: gcc
configure:2431: checking for C compiler version
configure:2440: gcc --version >&5
gcc (Ubuntu 7.5.0-3ubuntu1~18.04) 7.5.0
Copyright (C) 2017 Free Software Foundation, Inc.
This is free software; see the source for copying conditions.  There is NO
warranty; not even for MERCHANTABILITY or FITNESS FOR A PARTICULAR PURPOSE.

configure:2451: $? = 0
configure:2440: gcc -v >&5
Using built-in specs.
COLLECT_GCC=gcc
COLLECT_LTO_WRAPPER=/usr/lib/gcc/x86_64-linux-gnu/7/lto-wrapper
OFFLOAD_TARGET_NAMES=nvptx-none
OFFLOAD_TARGET_DEFAULT=1
Target: x86_64-linux-gnu
Configured with: ../src/configure -v --with-pkgversion='Ubuntu 7.5.0-3ubuntu1~18.04' --with-bugurl=file:///usr/share/doc/gcc-7/README.Bugs --enable-languages=c,ada,c++,go,brig,d,fortran,objc,obj-c++ --prefix=/usr --with-gcc-major-version-only --program-suffix=-7 --program-prefix=x86_64-linux-gnu- --enable-shared --enable-linker-build-id --libexecdir=/usr/lib --without-included-gettext --enable-threads=posix --libdir=/usr/lib --enable-nls --enable-bootstrap --enable-clocale=gnu --enable-libstdcxx-debug --enable-libstdcxx-time=yes --with-default-libstdcxx-abi=new --enable-gnu-unique-object --disable-vtable-verify --enable-libmpx --enable-plugin --enable-default-pie --with-system-zlib --with-target-system-zlib --enable-objc-gc=auto --enable-multiarch --disable-werror --with-arch-32=i686 --with-abi=m64 --with-multilib-list=m32,m64,mx32 --enable-multilib --with-tune=generic --enable-offload-targets=nvptx-none --without-cuda-driver --enable-checking=release --build=x86_64-linux-gnu --host=x86_64-linux-gnu --target=x86_64-linux-gnu
Thread model: posix
gcc version 7.5.0 (Ubuntu 7.5.0-3ubuntu1~18.04) 
configure:2451: $? = 0
configure:2440: gcc -V >&5
gcc: error: unrecognized command line option '-V'
gcc: fatal error: no input files
compilation terminated.
configure:2451: $? = 1
configure:2440: gcc -qversion >&5
gcc: error: unrecognized command line option '-qversion'; did you mean '--version'?
gcc: fatal error: no input files
compilation terminated.
configure:2451: $? = 1
configure:2471: checking whether the C compiler works
configure:2493: gcc    conftest.c  >&5
configure:2497: $? = 0
configure:2545: result: yes
configure:2548: checking for C compiler default output file name
configure:2550: result: a.out
configure:2556: checking for suffix of executables
configure:2563: gcc -o conftest    conftest.c  >&5
configure:2567: $? = 0
configure:2589: result: 
configure:2611: checking whether we are cross compiling
configure:2619: gcc -o conftest    conftest.c  >&5
configure:2623: $? = 0
configure:2630: ./conftest
configure:2634: $? = 0
configure:2649: result: no
configure:2654: checking for suffix of object files
configure:2676: gcc -c   conftest.c >&5
configure:2680: $? = 0
configure:2701: result: o
configure:2705: checking whether we are using the GNU C compiler
configure:2724: gcc -c   conftest.c >&5
configure:2724: $? = 0
configure:2733: result: yes
configure:2742: checking whether gcc accepts -g
configure:2762: gcc -c -g  conftest.c >&5
configure:2762: $? = 0
configure:2803: result: yes
configure:2820: checking for gcc option to accept ISO C89
configure:2883: gcc  -c -g -O2  conftest.c >&5
configure:2883: $? = 0
configure:2896: result: none needed
configure:2974: checking for g++
configure:2990: found /usr/bin/g++
configure:3001: result: g++
configure:3028: checking for C++ compiler version
configure:3037: g++ --version >&5
g++ (Ubuntu 7.5.0-3ubuntu1~18.04) 7.5.0
Copyright (C) 2017 Free Software Foundation, Inc.
This is free software; see the source for copying conditions.  There is NO
warranty; not even for MERCHANTABILITY or FITNESS FOR A PARTICULAR PURPOSE.

configure:3048: $? = 0
configure:3037: g++ -v >&5
Using built-in specs.
COLLECT_GCC=g++
COLLECT_LTO_WRAPPER=/usr/lib/gcc/x86_64-linux-gnu/7/lto-wrapper
OFFLOAD_TARGET_NAMES=nvptx-none
OFFLOAD_TARGET_DEFAULT=1
Target: x86_64-linux-gnu
Configured with: ../src/configure -v --with-pkgversion='Ubuntu 7.5.0-3ubuntu1~18.04' --with-bugurl=file:///usr/share/doc/gcc-7/README.Bugs --enable-languages=c,ada,c++,go,brig,d,fortran,objc,obj-c++ --prefix=/usr --with-gcc-major-version-only --program-suffix=-7 --program-prefix=x86_64-linux-gnu- --enable-shared --enable-linker-build-id --libexecdir=/usr/lib --without-included-gettext --enable-threads=posix --libdir=/usr/lib --enable-nls --enable-bootstrap --enable-clocale=gnu --enable-libstdcxx-debug --enable-libstdcxx-time=yes --with-default-libstdcxx-abi=new --enable-gnu-unique-object --disable-vtable-verify --enable-libmpx --enable-plugin --enable-default-pie --with-system-zlib --with-target-system-zlib --enable-objc-gc=auto --enable-multiarch --disable-werror --with-arch-32=i686 --with-abi=m64 --with-multilib-list=m32,m64,mx32 --enable-multilib --with-tune=generic --enable-offload-targets=nvptx-none --without-cuda-driver --enable-checking=release --build=x86_64-linux-gnu --host=x86_64-linux-gnu --target=x86_64-linux-gnu
Thread model: posix
gcc version 7.5.0 (Ubuntu 7.5.0-3ubuntu1~18.04) 
configure:3048: $? = 0
configure:3037: g++ -V >&5
g++: error: unrecognized command line option '-V'
g++: fatal error: no input files
compilation terminated.
configure:3048: $? = 1
configure:3037: g++ -qversion >&5
g++: error: unrecognized command line option '-qversion'; did you mean '--version'?
g++: fatal error: no input files
compilation terminated.
configure:3048: $? = 1
configure:3052: checking whether we are using the GNU C++ compiler
configure:3071: g++ -c   conftest.cpp >&5
configure:3071: $? = 0
configure:3080: result: yes
configure:3089: checking whether g++ accepts -g
configure:3109: g++ -c -g  conftest.cpp >&5
configure:3109: $? = 0
configure:3150: result: yes
configure:3226: checking for g77
configure:3256: result: no
configure:3226: checking for xlf
configure:3256: result: no
configure:3226: checking for f77
configure:3242: found /usr/bin/f77
configure:3253: result: f77
configure:3279: checking for Fortran 77 compiler version
configure:3288: f77 --version >&5
GNU Fortran (Ubuntu 7.5.0-3ubuntu1~18.04) 7.5.0
Copyright (C) 2017 Free Software Foundation, Inc.
This is free software; see the source for copying conditions.  There is NO
warranty; not even for MERCHANTABILITY or FITNESS FOR A PARTICULAR PURPOSE.

configure:3299: $? = 0
configure:3288: f77 -v >&5
Using built-in specs.
COLLECT_GCC=f77
COLLECT_LTO_WRAPPER=/usr/lib/gcc/x86_64-linux-gnu/7/lto-wrapper
OFFLOAD_TARGET_NAMES=nvptx-none
OFFLOAD_TARGET_DEFAULT=1
Target: x86_64-linux-gnu
Configured with: ../src/configure -v --with-pkgversion='Ubuntu 7.5.0-3ubuntu1~18.04' --with-bugurl=file:///usr/share/doc/gcc-7/README.Bugs --enable-languages=c,ada,c++,go,brig,d,fortran,objc,obj-c++ --prefix=/usr --with-gcc-major-version-only --program-suffix=-7 --program-prefix=x86_64-linux-gnu- --enable-shared --enable-linker-build-id --libexecdir=/usr/lib --without-included-gettext --enable-threads=posix --libdir=/usr/lib --enable-nls --enable-bootstrap --enable-clocale=gnu --enable-libstdcxx-debug --enable-libstdcxx-time=yes --with-default-libstdcxx-abi=new --enable-gnu-unique-object --disable-vtable-verify --enable-libmpx --enable-plugin --enable-default-pie --with-system-zlib --with-target-system-zlib --enable-objc-gc=auto --enable-multiarch --disable-werror --with-arch-32=i686 --with-abi=m64 --with-multilib-list=m32,m64,mx32 --enable-multilib --with-tune=generic --enable-offload-targets=nvptx-none --without-cuda-driver --enable-checking=release --build=x86_64-linux-gnu --host=x86_64-linux-gnu --target=x86_64-linux-gnu
Thread model: posix
gcc version 7.5.0 (Ubuntu 7.5.0-3ubuntu1~18.04) 
configure:3299: $? = 0
configure:3288: f77 -V >&5
f77: error: unrecognized command line option '-V'
f77: fatal error: no input files
compilation terminated.
configure:3299: $? = 1
configure:3288: f77 -qversion >&5
f77: error: unrecognized command line option '-qversion'; did you mean '--version'?
f77: fatal error: no input files
compilation terminated.
configure:3299: $? = 1
configure:3308: checking whether we are using the GNU Fortran 77 compiler
configure:3321: f77 -c  conftest.F >&5
configure:3321: $? = 0
configure:3330: result: yes
configure:3336: checking whether f77 accepts -g
configure:3347: f77 -c -g conftest.f >&5
configure:3347: $? = 0
configure:3355: result: yes
configure:3429: checking for make
configure:3445: found /usr/bin/make
configure:3456: result: make
configure:3525: checking for ranlib
configure:3541: found /usr/bin/ranlib
configure:3552: result: ranlib
configure:3620: checking for ar
configure:3636: found /usr/bin/ar
configure:3647: result: ar
configure:3675: checking for curl
configure:3691: found /home/cy4782/anaconda2/bin/curl
configure:3702: result: yes
configure:3717: checking for dirname
configure:3733: found /usr/bin/dirname
configure:3744: result: yes
configure:3759: checking for readlink
configure:3775: found /bin/readlink
configure:3786: result: yes
configure:3800: checking for cbrt in -lm
configure:3825: gcc -o conftest -g -O2   conftest.c -lm   >&5
conftest.c:16:6: warning: conflicting types for built-in function 'cbrt' [-Wbuiltin-declaration-mismatch]
 char cbrt ();
      ^~~~
configure:3825: $? = 0
configure:3834: result: yes
configure:3856: checking how to run the C preprocessor
configure:3887: gcc -E  conftest.c
configure:3887: $? = 0
configure:3901: gcc -E  conftest.c
conftest.c:10:10: fatal error: ac_nonexistent.h: No such file or directory
 #include <ac_nonexistent.h>
          ^~~~~~~~~~~~~~~~~~
compilation terminated.
configure:3901: $? = 1
configure: failed program was:
| /* confdefs.h */
| #define PACKAGE_NAME "sprint_config"
| #define PACKAGE_TARNAME "sprint_config"
| #define PACKAGE_VERSION "version_0.9"
| #define PACKAGE_STRING "sprint_config version_0.9"
| #define PACKAGE_BUGREPORT ""
| #define PACKAGE_URL ""
| #define HAVE_LIBM 1
| /* end confdefs.h.  */
| #include <ac_nonexistent.h>
configure:3926: result: gcc -E
configure:3946: gcc -E  conftest.c
configure:3946: $? = 0
configure:3960: gcc -E  conftest.c
conftest.c:10:10: fatal error: ac_nonexistent.h: No such file or directory
 #include <ac_nonexistent.h>
          ^~~~~~~~~~~~~~~~~~
compilation terminated.
configure:3960: $? = 1
configure: failed program was:
| /* confdefs.h */
| #define PACKAGE_NAME "sprint_config"
| #define PACKAGE_TARNAME "sprint_config"
| #define PACKAGE_VERSION "version_0.9"
| #define PACKAGE_STRING "sprint_config version_0.9"
| #define PACKAGE_BUGREPORT ""
| #define PACKAGE_URL ""
| #define HAVE_LIBM 1
| /* end confdefs.h.  */
| #include <ac_nonexistent.h>
configure:3989: checking for grep that handles long lines and -e
configure:4047: result: /bin/grep
configure:4052: checking for egrep
configure:4114: result: /bin/grep -E
configure:4119: checking for ANSI C header files
configure:4139: gcc -c -g -O2  conftest.c >&5
configure:4139: $? = 0
configure:4212: gcc -o conftest -g -O2   conftest.c -lm  >&5
configure:4212: $? = 0
configure:4212: ./conftest
configure:4212: $? = 0
configure:4223: result: yes
configure:4236: checking for sys/types.h
configure:4236: gcc -c -g -O2  conftest.c >&5
configure:4236: $? = 0
configure:4236: result: yes
configure:4236: checking for sys/stat.h
configure:4236: gcc -c -g -O2  conftest.c >&5
configure:4236: $? = 0
configure:4236: result: yes
configure:4236: checking for stdlib.h
configure:4236: gcc -c -g -O2  conftest.c >&5
configure:4236: $? = 0
configure:4236: result: yes
configure:4236: checking for string.h
configure:4236: gcc -c -g -O2  conftest.c >&5
configure:4236: $? = 0
configure:4236: result: yes
configure:4236: checking for memory.h
configure:4236: gcc -c -g -O2  conftest.c >&5
configure:4236: $? = 0
configure:4236: result: yes
configure:4236: checking for strings.h
configure:4236: gcc -c -g -O2  conftest.c >&5
configure:4236: $? = 0
configure:4236: result: yes
configure:4236: checking for inttypes.h
configure:4236: gcc -c -g -O2  conftest.c >&5
configure:4236: $? = 0
configure:4236: result: yes
configure:4236: checking for stdint.h
configure:4236: gcc -c -g -O2  conftest.c >&5
configure:4236: $? = 0
configure:4236: result: yes
configure:4236: checking for unistd.h
configure:4236: gcc -c -g -O2  conftest.c >&5
configure:4236: $? = 0
configure:4236: result: yes
configure:4251: checking if zlib is wanted
configure:4273: result: yes
configure:4304: checking for inflateEnd in -lz
configure:4329: gcc -o conftest -g -O2  -I/usr/include  -L/usr/lib conftest.c -lz  -lm  >&5
configure:4329: $? = 0
configure:4338: result: yes
configure:4346: checking zlib.h usability
configure:4346: gcc -c -g -O2  -I/usr/include conftest.c >&5
configure:4346: $? = 0
configure:4346: result: yes
configure:4346: checking zlib.h presence
configure:4346: gcc -E  -I/usr/include conftest.c
configure:4346: $? = 0
configure:4346: result: yes
configure:4346: checking for zlib.h
configure:4346: result: yes
configure:4370: Found zlib. I/O compression will be enabled
configure:4389: checking for _gfortran_fget in -lgfortran
configure:4414: gcc -o conftest -g -O2   conftest.c -lgfortran  -lm  >&5
configure:4414: $? = 0
configure:4423: result: yes
configure:4484: checking for dgemm_ in -lblas
configure:4509: gcc -o conftest -g -O2   conftest.c -lblas  -lgfortran -lm  >&5
configure:4509: $? = 0
configure:4518: result: yes
configure:4539: checking if g++ supports C++0x features without additional flags
configure:4576: g++ -c -g -O2  conftest.cpp >&5
configure:4576: $? = 0
configure:4590: result: yes
configure:4593: checking if g++ supports C++0x features with -std=c++0x
configure:4632: g++ -c -g -O2 -std=c++0x  conftest.cpp >&5
configure:4632: $? = 0
configure:4647: result: yes
configure:4650: checking if g++ supports C++0x features with -std=gnu++0x
configure:4689: g++ -c -g -O2 -std=gnu++0x  conftest.cpp >&5
configure:4689: $? = 0
configure:4704: result: yes
configure:4873: creating ./config.status

## ---------------------- ##
## Running config.status. ##
## ---------------------- ##

This file was extended by sprint_config config.status version_0.9, which was
generated by GNU Autoconf 2.69.  Invocation command line was

  CONFIG_FILES    = 
  CONFIG_HEADERS  = 
  CONFIG_LINKS    = 
  CONFIG_COMMANDS = 
  $ ./config.status 

on crwr890805

config.status:742: creating Make.rules
config.status:742: creating Makefile
config.status:742: creating UFconfig.mk
config.status:742: creating uf_makefile.local
configure:5882: ==============================================================
configure:5884: Required libraries seem to be in place ...... 
configure:5886: Build the thirdparty libraries before
configure:5888: building SPRNT. Steps: 
configure:5890:  make dep
configure:5892:  make 
configure:5894:  make test (optional)
configure:5896:  make install
configure:5898: Options to clean
configure:5900:  make uninstall - as the name says
configure:5902:  make clean     - clean the libraries only 
configure:5904:  make realclean - linbraries + binary
configure:5906:  make distclean - remove downloadd 3rd party components and Make files
configure:5908: ==============================================================

## ---------------- ##
## Cache variables. ##
## ---------------- ##

ac_cv_c_compiler_gnu=yes
ac_cv_cxx_compiler_gnu=yes
ac_cv_env_CCC_set=
ac_cv_env_CCC_value=
ac_cv_env_CC_set=
ac_cv_env_CC_value=
ac_cv_env_CFLAGS_set=
ac_cv_env_CFLAGS_value=
ac_cv_env_CPPFLAGS_set=
ac_cv_env_CPPFLAGS_value=
ac_cv_env_CPP_set=
ac_cv_env_CPP_value=
ac_cv_env_CXXFLAGS_set=
ac_cv_env_CXXFLAGS_value=
ac_cv_env_CXX_set=
ac_cv_env_CXX_value=
ac_cv_env_F77_set=
ac_cv_env_F77_value=
ac_cv_env_FFLAGS_set=
ac_cv_env_FFLAGS_value=
ac_cv_env_LDFLAGS_set=
ac_cv_env_LDFLAGS_value=
ac_cv_env_LIBS_set=
ac_cv_env_LIBS_value=
ac_cv_env_build_alias_set=
ac_cv_env_build_alias_value=
ac_cv_env_host_alias_set=
ac_cv_env_host_alias_value=
ac_cv_env_target_alias_set=
ac_cv_env_target_alias_value=
ac_cv_f77_compiler_gnu=yes
ac_cv_header_inttypes_h=yes
ac_cv_header_memory_h=yes
ac_cv_header_stdc=yes
ac_cv_header_stdint_h=yes
ac_cv_header_stdlib_h=yes
ac_cv_header_string_h=yes
ac_cv_header_strings_h=yes
ac_cv_header_sys_stat_h=yes
ac_cv_header_sys_types_h=yes
ac_cv_header_unistd_h=yes
ac_cv_header_zlib_h=yes
ac_cv_lib_blas_dgemm_=yes
ac_cv_lib_gfortran__gfortran_fget=yes
ac_cv_lib_m_cbrt=yes
ac_cv_lib_z_inflateEnd=yes
ac_cv_objext=o
ac_cv_path_EGREP='/bin/grep -E'
ac_cv_path_GREP=/bin/grep
ac_cv_prog_CPP='gcc -E'
ac_cv_prog_CURL_CHECK=yes
ac_cv_prog_DIRNAME_CHECK=yes
ac_cv_prog_REALPATH_CHECK=yes
ac_cv_prog_ac_ct_AR=ar
ac_cv_prog_ac_ct_CC=gcc
ac_cv_prog_ac_ct_CXX=g++
ac_cv_prog_ac_ct_F77=f77
ac_cv_prog_ac_ct_MAKEB=make
ac_cv_prog_ac_ct_RANLIB=ranlib
ac_cv_prog_cc_c89=
ac_cv_prog_cc_g=yes
ac_cv_prog_cxx_g=yes
ac_cv_prog_f77_g=yes
ax_cv_cxx_compile_cxx0x_cxx=yes
ax_cv_cxx_compile_cxx0x_gxx=yes
ax_cv_cxx_compile_cxx0x_native=yes
zlib_cv_libz=yes
zlib_cv_zlib_h=yes

## ----------------- ##
## Output variables. ##
## ----------------- ##

AR='ar'
CC='gcc'
CFLAGS='-g -O2'
CPP='gcc -E'
CPPFLAGS=''
CURL_CHECK='yes'
CXX='g++'
CXXFLAGS='-g -O2'
CXX_STDCXX_0X_FLAG='-std=c++0x'
DEFS='-DPACKAGE_NAME=\"sprint_config\" -DPACKAGE_TARNAME=\"sprint_config\" -DPACKAGE_VERSION=\"version_0.9\" -DPACKAGE_STRING=\"sprint_config\ version_0.9\" -DPACKAGE_BUGREPORT=\"\" -DPACKAGE_URL=\"\" -DHAVE_LIBM=1 -DSTDC_HEADERS=1 -DHAVE_SYS_TYPES_H=1 -DHAVE_SYS_STAT_H=1 -DHAVE_STDLIB_H=1 -DHAVE_STRING_H=1 -DHAVE_MEMORY_H=1 -DHAVE_STRINGS_H=1 -DHAVE_INTTYPES_H=1 -DHAVE_STDINT_H=1 -DHAVE_UNISTD_H=1 -DHAVE_LIBGFORTRAN=1 -DHAVE_STDCXX_0X=/\*\*/'
DIRNAME_CHECK='yes'
ECHO_C=''
ECHO_N='-n'
ECHO_T=''
EGREP='/bin/grep -E'
EXEEXT=''
F77='f77'
FFLAGS='-g -O2'
GREP='/bin/grep'
LDFLAGS=''
LIBOBJS=''
LIBS='-lgfortran -lm '
LOC_BLAS_ARCHIVE=''
LOC_BLAS_LIBS='-lblas'
LOC_HAVE_LIBZ='-DHAVE_LIBZ'
LTLIBOBJS=''
MAKEB='make'
OBJEXT='o'
PACKAGE_BUGREPORT=''
PACKAGE_NAME='sprint_config'
PACKAGE_STRING='sprint_config version_0.9'
PACKAGE_TARNAME='sprint_config'
PACKAGE_URL=''
PACKAGE_VERSION='version_0.9'
PATH_SEPARATOR=':'
RANLIB='ranlib'
REALPATH_CHECK='yes'
SHELL='/bin/bash'
ac_ct_CC='gcc'
ac_ct_CXX='g++'
ac_ct_F77='f77'
bindir='${exec_prefix}/bin'
build_alias=''
datadir='${datarootdir}'
datarootdir='${prefix}/share'
docdir='${datarootdir}/doc/${PACKAGE_TARNAME}'
dvidir='${docdir}'
exec_prefix='${prefix}'
host_alias=''
htmldir='${docdir}'
includedir='${prefix}/include'
infodir='${datarootdir}/info'
libdir='${exec_prefix}/lib'
libexecdir='${exec_prefix}/libexec'
localedir='${datarootdir}/locale'
localstatedir='${prefix}/var'
mandir='${datarootdir}/man'
oldincludedir='/usr/include'
pdfdir='${docdir}'
prefix='.'
program_transform_name='s,x,x,'
psdir='${docdir}'
sbindir='${exec_prefix}/sbin'
sharedstatedir='${prefix}/com'
sysconfdir='${prefix}/etc'
target_alias=''

## ----------- ##
## confdefs.h. ##
## ----------- ##

/* confdefs.h */
#define PACKAGE_NAME "sprint_config"
#define PACKAGE_TARNAME "sprint_config"
#define PACKAGE_VERSION "version_0.9"
#define PACKAGE_STRING "sprint_config version_0.9"
#define PACKAGE_BUGREPORT ""
#define PACKAGE_URL ""
#define HAVE_LIBM 1
#define STDC_HEADERS 1
#define HAVE_SYS_TYPES_H 1
#define HAVE_SYS_STAT_H 1
#define HAVE_STDLIB_H 1
#define HAVE_STRING_H 1
#define HAVE_MEMORY_H 1
#define HAVE_STRINGS_H 1
#define HAVE_INTTYPES_H 1
#define HAVE_STDINT_H 1
#define HAVE_UNISTD_H 1
#define HAVE_LIBGFORTRAN 1
#define HAVE_STDCXX_0X /**/

configure: exit 0
