This is pdfTeX, Version 3.14159265-2.6-1.40.15 (TeX Live 2014) (preloaded format=pdflatex 2014.5.25)  30 OCT 2016 16:05
entering extended mode
 restricted \write18 enabled.
 file:line:error style messages enabled.
 %&-line parsing enabled.
**SPRNT_UserGuide.tex
(./SPRNT_UserGuide.tex
LaTeX2e <2014/05/01>
Babel <3.9k> and hyphenation patterns for 78 languages loaded.
(/usr/local/texlive/2014/texmf-dist/tex/latex/base/article.cls
Document Class: article 2007/10/19 v1.4h Standard LaTeX document class
(/usr/local/texlive/2014/texmf-dist/tex/latex/base/size12.clo
File: size12.clo 2007/10/19 v1.4h Standard LaTeX file (size option)
)
\c@part=\count79
\c@section=\count80
\c@subsection=\count81
\c@subsubsection=\count82
\c@paragraph=\count83
\c@subparagraph=\count84
\c@figure=\count85
\c@table=\count86
\abovecaptionskip=\skip41
\belowcaptionskip=\skip42
\bibindent=\dimen102
)
(/usr/local/texlive/2014/texmf-dist/tex/latex/graphics/graphicx.sty
Package: graphicx 2014/04/25 v1.0g Enhanced LaTeX Graphics (DPC,SPQR)

(/usr/local/texlive/2014/texmf-dist/tex/latex/graphics/keyval.sty
Package: keyval 2014/05/08 v1.15 key=value parser (DPC)
\KV@toks@=\toks14
)
(/usr/local/texlive/2014/texmf-dist/tex/latex/graphics/graphics.sty
Package: graphics 2009/02/05 v1.0o Standard LaTeX Graphics (DPC,SPQR)

(/usr/local/texlive/2014/texmf-dist/tex/latex/graphics/trig.sty
Package: trig 1999/03/16 v1.09 sin cos tan (DPC)
)
(/usr/local/texlive/2014/texmf-dist/tex/latex/latexconfig/graphics.cfg
File: graphics.cfg 2010/04/23 v1.9 graphics configuration of TeX Live
)
Package graphics Info: Driver file: pdftex.def on input line 91.

(/usr/local/texlive/2014/texmf-dist/tex/latex/pdftex-def/pdftex.def
File: pdftex.def 2011/05/27 v0.06d Graphics/color for pdfTeX

(/usr/local/texlive/2014/texmf-dist/tex/generic/oberdiek/infwarerr.sty
Package: infwarerr 2010/04/08 v1.3 Providing info/warning/error messages (HO)
)
(/usr/local/texlive/2014/texmf-dist/tex/generic/oberdiek/ltxcmds.sty
Package: ltxcmds 2011/11/09 v1.22 LaTeX kernel commands for general use (HO)
)
\Gread@gobject=\count87
))
\Gin@req@height=\dimen103
\Gin@req@width=\dimen104
)
(/usr/local/texlive/2014/texmf-dist/tex/latex/amsmath/amsmath.sty
Package: amsmath 2013/01/14 v2.14 AMS math features
\@mathmargin=\skip43

For additional information on amsmath, use the `?' option.
(/usr/local/texlive/2014/texmf-dist/tex/latex/amsmath/amstext.sty
Package: amstext 2000/06/29 v2.01

(/usr/local/texlive/2014/texmf-dist/tex/latex/amsmath/amsgen.sty
File: amsgen.sty 1999/11/30 v2.0
\@emptytoks=\toks15
\ex@=\dimen105
))
(/usr/local/texlive/2014/texmf-dist/tex/latex/amsmath/amsbsy.sty
Package: amsbsy 1999/11/29 v1.2d
\pmbraise@=\dimen106
)
(/usr/local/texlive/2014/texmf-dist/tex/latex/amsmath/amsopn.sty
Package: amsopn 1999/12/14 v2.01 operator names
)
\inf@bad=\count88
LaTeX Info: Redefining \frac on input line 210.
\uproot@=\count89
\leftroot@=\count90
LaTeX Info: Redefining \overline on input line 306.
\classnum@=\count91
\DOTSCASE@=\count92
LaTeX Info: Redefining \ldots on input line 378.
LaTeX Info: Redefining \dots on input line 381.
LaTeX Info: Redefining \cdots on input line 466.
\Mathstrutbox@=\box26
\strutbox@=\box27
\big@size=\dimen107
LaTeX Font Info:    Redeclaring font encoding OML on input line 566.
LaTeX Font Info:    Redeclaring font encoding OMS on input line 567.
\macc@depth=\count93
\c@MaxMatrixCols=\count94
\dotsspace@=\muskip10
\c@parentequation=\count95
\dspbrk@lvl=\count96
\tag@help=\toks16
\row@=\count97
\column@=\count98
\maxfields@=\count99
\andhelp@=\toks17
\eqnshift@=\dimen108
\alignsep@=\dimen109
\tagshift@=\dimen110
\tagwidth@=\dimen111
\totwidth@=\dimen112
\lineht@=\dimen113
\@envbody=\toks18
\multlinegap=\skip44
\multlinetaggap=\skip45
\mathdisplay@stack=\toks19
LaTeX Info: Redefining \[ on input line 2665.
LaTeX Info: Redefining \] on input line 2666.
)
(/usr/local/texlive/2014/texmf-dist/tex/latex/amsfonts/amssymb.sty
Package: amssymb 2013/01/14 v3.01 AMS font symbols

(/usr/local/texlive/2014/texmf-dist/tex/latex/amsfonts/amsfonts.sty
Package: amsfonts 2013/01/14 v3.01 Basic AMSFonts support
\symAMSa=\mathgroup4
\symAMSb=\mathgroup5
LaTeX Font Info:    Overwriting math alphabet `\mathfrak' in version `bold'
(Font)                  U/euf/m/n --> U/euf/b/n on input line 106.
))
(/usr/local/texlive/2014/texmf-dist/tex/latex/listings/listings.sty
\lst@mode=\count100
\lst@gtempboxa=\box28
\lst@token=\toks20
\lst@length=\count101
\lst@currlwidth=\dimen114
\lst@column=\count102
\lst@pos=\count103
\lst@lostspace=\dimen115
\lst@width=\dimen116
\lst@newlines=\count104
\lst@lineno=\count105
\lst@maxwidth=\dimen117

(/usr/local/texlive/2014/texmf-dist/tex/latex/listings/lstmisc.sty
File: lstmisc.sty 2014/03/04 1.5c (Carsten Heinz)
\c@lstnumber=\count106
\lst@skipnumbers=\count107
\lst@framebox=\box29
)
(/usr/local/texlive/2014/texmf-dist/tex/latex/listings/listings.cfg
File: listings.cfg 2014/03/04 1.5c listings configuration
))
Package: listings 2014/03/04 1.5c (Carsten Heinz)

(/usr/local/texlive/2014/texmf-dist/tex/latex/morefloats/morefloats.sty
Package: morefloats 2012/01/28 v1.0f Raise limit of unprocessed floats (HMM; DH
)

(/usr/local/texlive/2014/texmf-dist/tex/latex/oberdiek/kvoptions.sty
Package: kvoptions 2011/06/30 v3.11 Key value format for package options (HO)

(/usr/local/texlive/2014/texmf-dist/tex/generic/oberdiek/kvsetkeys.sty
Package: kvsetkeys 2012/04/25 v1.16 Key value parser (HO)

(/usr/local/texlive/2014/texmf-dist/tex/generic/oberdiek/etexcmds.sty
Package: etexcmds 2011/02/16 v1.5 Avoid name clashes with e-TeX commands (HO)

(/usr/local/texlive/2014/texmf-dist/tex/generic/oberdiek/ifluatex.sty
Package: ifluatex 2010/03/01 v1.3 Provides the ifluatex switch (HO)
Package ifluatex Info: LuaTeX not detected.
)
Package etexcmds Info: Could not find \expanded.
(etexcmds)             That can mean that you are not using pdfTeX 1.50 or
(etexcmds)             that some package has redefined \expanded.
(etexcmds)             In the latter case, load this package earlier.
)))
Package morefloats Info: Maximum number of possible floats asked for: 36.
(morefloats)             LaTeX might run out of memory before this
(morefloats)             (in which case it will notify you).
(morefloats)              on input line 171.
\bx@S=\insert233
\bx@T=\insert232
\bx@U=\insert231
\bx@V=\insert230
\bx@W=\insert229
\bx@X=\insert228
\bx@Y=\insert227
\bx@Z=\insert226
\bx@AA=\insert225
\bx@AB=\insert224
\bx@AC=\insert223
\bx@AD=\insert222
\bx@AE=\insert221
\bx@AF=\insert220
\bx@AG=\insert219
\bx@AH=\insert218
\bx@AI=\insert217
\bx@AJ=\insert216
)
(/usr/local/texlive/2014/texmf-dist/tex/latex/graphics/color.sty
Package: color 2014/04/23 v1.1a Standard LaTeX Color (DPC)

(/usr/local/texlive/2014/texmf-dist/tex/latex/latexconfig/color.cfg
File: color.cfg 2007/01/18 v1.5 color configuration of teTeX/TeXLive
)
Package color Info: Driver file: pdftex.def on input line 137.
)
(/usr/local/texlive/2014/texmf-dist/tex/latex/algorithmicx/algorithmicx.sty
Package: algorithmicx 2005/04/27 v1.2 Algorithmicx

(/usr/local/texlive/2014/texmf-dist/tex/latex/base/ifthen.sty
Package: ifthen 2001/05/26 v1.1c Standard LaTeX ifthen package (DPC)
)
Document Style algorithmicx 1.2 - a greatly improved `algorithmic' style
\c@ALG@line=\count108
\c@ALG@rem=\count109
\c@ALG@nested=\count110
\ALG@tlm=\skip46
\ALG@thistlm=\skip47
\c@ALG@Lnr=\count111
\c@ALG@blocknr=\count112
\c@ALG@storecount=\count113
\c@ALG@tmpcounter=\count114
\ALG@tmplength=\skip48
) (/usr/local/texlive/2014/texmf-dist/tex/latex/algorithms/algorithm.sty
Package: algorithm 2009/08/24 v0.1 Document Style `algorithm' - floating enviro
nment

(/usr/local/texlive/2014/texmf-dist/tex/latex/float/float.sty
Package: float 2001/11/08 v1.3d Float enhancements (AL)
\c@float@type=\count115
\float@exts=\toks21
\float@box=\box30
\@float@everytoks=\toks22
\@floatcapt=\box31
)
\@float@every@algorithm=\toks23
\c@algorithm=\count116
)
(/usr/local/texlive/2014/texmf-dist/tex/latex/algorithmicx/algpseudocode.sty
Package: algpseudocode 

Document Style - pseudocode environments for use with the `algorithmicx' style
) (/usr/local/texlive/2014/texmf-dist/tex/latex/url/url.sty
\Urlmuskip=\muskip11
Package: url 2013/09/16  ver 3.4  Verb mode for urls, etc.
)
(/usr/local/texlive/2014/texmf-dist/tex/latex/natbib/natbib.sty
Package: natbib 2010/09/13 8.31b (PWD, AO)
\bibhang=\skip49
\bibsep=\skip50
LaTeX Info: Redefining \cite on input line 694.
\c@NAT@ctr=\count117
)
(/usr/local/texlive/2014/texmf-dist/tex/latex/geometry/geometry.sty
Package: geometry 2010/09/12 v5.6 Page Geometry

(/usr/local/texlive/2014/texmf-dist/tex/generic/oberdiek/ifpdf.sty
Package: ifpdf 2011/01/30 v2.3 Provides the ifpdf switch (HO)
Package ifpdf Info: pdfTeX in PDF mode is detected.
)
(/usr/local/texlive/2014/texmf-dist/tex/generic/oberdiek/ifvtex.sty
Package: ifvtex 2010/03/01 v1.5 Detect VTeX and its facilities (HO)
Package ifvtex Info: VTeX not detected.
)
(/usr/local/texlive/2014/texmf-dist/tex/generic/ifxetex/ifxetex.sty
Package: ifxetex 2010/09/12 v0.6 Provides ifxetex conditional
)
\Gm@cnth=\count118
\Gm@cntv=\count119
\c@Gm@tempcnt=\count120
\Gm@bindingoffset=\dimen118
\Gm@wd@mp=\dimen119
\Gm@odd@mp=\dimen120
\Gm@even@mp=\dimen121
\Gm@layoutwidth=\dimen122
\Gm@layoutheight=\dimen123
\Gm@layouthoffset=\dimen124
\Gm@layoutvoffset=\dimen125
\Gm@dimlist=\toks24
)
(/usr/local/texlive/2014/texmf-dist/tex/latex/oberdiek/epstopdf.sty
Package: epstopdf 2010/02/09 v2.5 Conversion with epstopdf on the fly (HO)

(/usr/local/texlive/2014/texmf-dist/tex/latex/oberdiek/epstopdf-base.sty
Package: epstopdf-base 2010/02/09 v2.5 Base part for package epstopdf

(/usr/local/texlive/2014/texmf-dist/tex/latex/oberdiek/grfext.sty
Package: grfext 2010/08/19 v1.1 Manage graphics extensions (HO)

(/usr/local/texlive/2014/texmf-dist/tex/generic/oberdiek/kvdefinekeys.sty
Package: kvdefinekeys 2011/04/07 v1.3 Define keys (HO)
))
(/usr/local/texlive/2014/texmf-dist/tex/generic/oberdiek/pdftexcmds.sty
Package: pdftexcmds 2011/11/29 v0.20 Utility functions of pdfTeX for LuaTeX (HO
)
Package pdftexcmds Info: LuaTeX not detected.
Package pdftexcmds Info: \pdf@primitive is available.
Package pdftexcmds Info: \pdf@ifprimitive is available.
Package pdftexcmds Info: \pdfdraftmode found.
)
Package grfext Info: Graphics extension search list:
(grfext)             [.png,.pdf,.jpg,.mps,.jpeg,.jbig2,.jb2,.PNG,.PDF,.JPG,.JPE
G,.JBIG2,.JB2,.eps]
(grfext)             \AppendGraphicsExtensions on input line 452.

(/usr/local/texlive/2014/texmf-dist/tex/latex/latexconfig/epstopdf-sys.cfg
File: epstopdf-sys.cfg 2010/07/13 v1.3 Configuration of (r)epstopdf for TeX Liv
e
)))
(/usr/local/texlive/2014/texmf-dist/tex/latex/subfig/subfig.sty
Package: subfig 2005/06/28 ver: 1.3 subfig package

(/usr/local/texlive/2014/texmf-dist/tex/latex/caption/caption.sty
Package: caption 2013/05/02 v3.3-89 Customizing captions (AR)

(/usr/local/texlive/2014/texmf-dist/tex/latex/caption/caption3.sty
Package: caption3 2013/05/02 v1.6-88 caption3 kernel (AR)
Package caption3 Info: TeX engine: e-TeX on input line 57.
\captionmargin=\dimen126
\captionmargin@=\dimen127
\captionwidth=\dimen128
\caption@tempdima=\dimen129
\caption@indent=\dimen130
\caption@parindent=\dimen131
\caption@hangindent=\dimen132
)
\c@ContinuedFloat=\count121
Package caption Info: float package is loaded.
Package caption Info: listings package is loaded.
)
\c@KVtest=\count122
\sf@farskip=\skip51
\sf@captopadj=\dimen133
\sf@capskip=\skip52
\sf@nearskip=\skip53
\c@subfigure=\count123
\c@subfigure@save=\count124
\c@lofdepth=\count125
\c@subtable=\count126
\c@subtable@save=\count127
\c@lotdepth=\count128
\sf@top=\skip54
\sf@bottom=\skip55
)
(/usr/local/texlive/2014/texmf-dist/tex/latex/collectbox/collectbox.sty
Package: collectbox 2012/05/17 v0.4b Collect macro arguments as boxes
\collectedbox=\box32
)
(/usr/local/texlive/2014/texmf-dist/tex/latex/blindtext/blindtext.sty
Package: blindtext 2012/01/06 V2.0 blindtext-Package

(/usr/local/texlive/2014/texmf-dist/tex/latex/tools/xspace.sty
Package: xspace 2009/10/20 v1.13 Space after command names (DPC,MH)
)
\c@blindtext=\count129
\c@Blindtext=\count130
\c@blind@countparstart=\count131
\blind@countxx=\count132
\blindtext@numBlindtext=\count133
\blind@countyy=\count134
\c@blindlist=\count135
\c@blindlistlevel=\count136
\c@blindlist@level=\count137
\blind@listitem=\count138
\c@blind@listcount=\count139
\c@blind@levelcount=\count140
\blind@mathformula=\count141
\blind@Mathformula=\count142
\c@blind@randomcount=\count143
\c@blind@randommax=\count144
\c@blind@pangramcount=\count145
\c@blind@pangrammax=\count146
)
(/usr/local/texlive/2014/texmf-dist/tex/latex/tools/tabularx.sty
Package: tabularx 2014/05/13 v2.10 `tabularx' package (DPC)

(/usr/local/texlive/2014/texmf-dist/tex/latex/tools/array.sty
Package: array 2008/09/09 v2.4c Tabular extension package (FMi)
\col@sep=\dimen134
\extrarowheight=\dimen135
\NC@list=\toks25
\extratabsurround=\skip56
\backup@length=\skip57
)
\TX@col@width=\dimen136
\TX@old@table=\dimen137
\TX@old@col=\dimen138
\TX@target=\dimen139
\TX@delta=\dimen140
\TX@cols=\count147
\TX@ftn=\toks26
)
(/usr/local/texlive/2014/texmf-dist/tex/latex/appendix/appendix.sty
Package: appendix 2009/09/02 v1.2b extra appendix facilities
\c@@pps=\count148
\c@@ppsavesec=\count149
\c@@ppsaveapp=\count150
)
(/usr/local/texlive/2014/texmf-dist/tex/latex/soul/soul.sty
Package: soul 2003/11/17 v2.4 letterspacing/underlining (mf)
\SOUL@word=\toks27
\SOUL@lasttoken=\toks28
\SOUL@cmds=\toks29
\SOUL@buffer=\toks30
\SOUL@token=\toks31
\SOUL@spaceskip=\skip58
\SOUL@ttwidth=\dimen141
\SOUL@uldp=\dimen142
\SOUL@ulht=\dimen143
)
(./SPRNT_UserGuide.aux

LaTeX Warning: Label `fig:process' multiply defined.


LaTeX Warning: Label `fig:process' multiply defined.


LaTeX Warning: Label `fig:process' multiply defined.


LaTeX Warning: Label `fig:process' multiply defined.


LaTeX Warning: Label `fig:process' multiply defined.


LaTeX Warning: Label `fig:process' multiply defined.


LaTeX Warning: Label `fig:process' multiply defined.


LaTeX Warning: Label `fig:process' multiply defined.


LaTeX Warning: Label `fig:process' multiply defined.


LaTeX Warning: Label `fig:process' multiply defined.


LaTeX Warning: Label `fig:process' multiply defined.


LaTeX Warning: Label `fig:process' multiply defined.


LaTeX Warning: Label `fig:process' multiply defined.


LaTeX Warning: Label `fig:process' multiply defined.


LaTeX Warning: Label `fig:process' multiply defined.


LaTeX Warning: Label `fig:process' multiply defined.


LaTeX Warning: Label `fig:process' multiply defined.


LaTeX Warning: Label `fig:process' multiply defined.


LaTeX Warning: Label `fig:process' multiply defined.


LaTeX Warning: Label `fig:process' multiply defined.

)
\openout1 = `SPRNT_UserGuide.aux'.

LaTeX Font Info:    Checking defaults for OML/cmm/m/it on input line 67.
LaTeX Font Info:    ... okay on input line 67.
LaTeX Font Info:    Checking defaults for T1/cmr/m/n on input line 67.
LaTeX Font Info:    ... okay on input line 67.
LaTeX Font Info:    Checking defaults for OT1/cmr/m/n on input line 67.
LaTeX Font Info:    ... okay on input line 67.
LaTeX Font Info:    Checking defaults for OMS/cmsy/m/n on input line 67.
LaTeX Font Info:    ... okay on input line 67.
LaTeX Font Info:    Checking defaults for OMX/cmex/m/n on input line 67.
LaTeX Font Info:    ... okay on input line 67.
LaTeX Font Info:    Checking defaults for U/cmr/m/n on input line 67.
LaTeX Font Info:    ... okay on input line 67.
 (/usr/local/texlive/2014/texmf-dist/tex/context/base/supp-pdf.mkii
[Loading MPS to PDF converter (version 2006.09.02).]
\scratchcounter=\count151
\scratchdimen=\dimen144
\scratchbox=\box33
\nofMPsegments=\count152
\nofMParguments=\count153
\everyMPshowfont=\toks32
\MPscratchCnt=\count154
\MPscratchDim=\dimen145
\MPnumerator=\count155
\makeMPintoPDFobject=\count156
\everyMPtoPDFconversion=\toks33
)
\c@lstlisting=\count157

*geometry* driver: auto-detecting
*geometry* detected driver: pdftex
*geometry* verbose mode - [ preamble ] result:
* driver: pdftex
* paper: letterpaper
* layout: <same size as paper>
* layoutoffset:(h,v)=(0.0pt,0.0pt)
* modes: 
* h-part:(L,W,R)=(92.14519pt, 430.00462pt, 92.14519pt)
* v-part:(T,H,B)=(95.39737pt, 556.47656pt, 143.09605pt)
* \paperwidth=614.295pt
* \paperheight=794.96999pt
* \textwidth=433.62pt
* \textheight=650.43pt
* \oddsidemargin=19.8752pt
* \evensidemargin=19.8752pt
* \topmargin=-36.135pt
* \headheight=12.0pt
* \headsep=25.0pt
* \topskip=12.0pt
* \footskip=30.0pt
* \marginparwidth=44.0pt
* \marginparsep=10.0pt
* \columnsep=10.0pt
* \skip\footins=10.8pt plus 4.0pt minus 2.0pt
* \hoffset=0.0pt
* \voffset=0.0pt
* \mag=1000
* \@twocolumnfalse
* \@twosidefalse
* \@mparswitchfalse
* \@reversemarginfalse
* (1in=72.27pt=25.4mm, 1cm=28.453pt)

Package caption Info: Begin \AtBeginDocument code.
Package caption Info: subfig package v1.3 is loaded.
Package caption Info: End \AtBeginDocument code.
LaTeX Font Info:    Try loading font information for U+msa on input line 69.
(/usr/local/texlive/2014/texmf-dist/tex/latex/amsfonts/umsa.fd
File: umsa.fd 2013/01/14 v3.01 AMS symbols A
)
LaTeX Font Info:    Try loading font information for U+msb on input line 69.

(/usr/local/texlive/2014/texmf-dist/tex/latex/amsfonts/umsb.fd
File: umsb.fd 2013/01/14 v3.01 AMS symbols B
) [1

{/usr/local/texlive/2014/texmf-var/fonts/map/pdftex/updmap/pdftex.map}] [2]
Underfull \hbox (badness 10000) in paragraph at lines 93--102

 []


Underfull \hbox (badness 10000) in paragraph at lines 93--102

 []


Underfull \hbox (badness 10000) in paragraph at lines 93--102

 []


Underfull \hbox (badness 10000) in paragraph at lines 93--102

 []


Underfull \hbox (badness 10000) in paragraph at lines 105--119

 []


Underfull \hbox (badness 10000) in paragraph at lines 105--119

 []


Underfull \hbox (badness 10000) in paragraph at lines 105--119

 []


Underfull \hbox (badness 10000) in paragraph at lines 105--119

 []


Underfull \hbox (badness 10000) in paragraph at lines 105--119

 []


Overfull \hbox (61.7596pt too wide) in paragraph at lines 105--119
\OT1/cmr/m/n/12 [Note: Please try to in-stall the gfor-tran in the de-fault lo-
ca-tion (which is -L/usr/local/gfortran/lib),
 []


Underfull \hbox (badness 10000) in paragraph at lines 136--140

 []


Overfull \hbox (10.52924pt too wide) in paragraph at lines 141--142
[][][][][][][][][][][][][][][][][][][] 
 []

[3]
Underfull \hbox (badness 10000) in paragraph at lines 154--156

 []


Overfull \hbox (4.3049pt too wide) in paragraph at lines 181--184
\OT1/cmtt/m/n/12 https : / / www . hdfgroup . org / ftp / HDF5 / releases / hdf
5-[]1 . 8 . 15-[]patch1 / src /
 []


Overfull \hbox (6.13934pt too wide) in paragraph at lines 185--189
\OT1/cmr/m/n/12 After the down-load is fin-ished, use ter-mi-nal to go to the d
i-rec-tory where NetCDF4
 []

[4]
Overfull \hbox (67.7046pt too wide) in paragraph at lines 205--207
\OT1/cmtt/m/n/12 https : / / hunseblog . wordpress . com / 2014 / 09 / 15 / ins
talling-[]numpy-[]and-[]openblas$ 
 []


Overfull \hbox (12.71292pt too wide) in paragraph at lines 216--217
\OT1/cmr/m/n/12 After un-pack-ag-ing, copy and paste the folder to both []
 []

[5] <figure/Mac_installation_1.png, id=27, 217.81375pt x 116.435pt>
File: figure/Mac_installation_1.png Graphic file (type png)

<use figure/Mac_installation_1.png>
Package pdftex.def Info: figure/Mac_installation_1.png used on input line 245.
(pdftex.def)             Requested size: 195.12767pt x 104.30727pt.

<figure/Mac_installation_2.png, id=29, 552.0625pt x 436.63126pt>
File: figure/Mac_installation_2.png Graphic file (type png)

<use figure/Mac_installation_2.png>
Package pdftex.def Info: figure/Mac_installation_2.png used on input line 253.
(pdftex.def)             Requested size: 195.12767pt x 154.32893pt.
 [6 <./figure/Mac_installation_1.png> <./figure/Mac_installation_2.png>]
<figure/Workflow.pdf, id=35, 358.31868pt x 562.1201pt>
File: figure/Workflow.pdf Graphic file (type pdf)

<use figure/Workflow.pdf>
Package pdftex.def Info: figure/Workflow.pdf used on input line 278.
(pdftex.def)             Requested size: 346.89731pt x 544.20943pt.
 [7 <./figure/Workflow.pdf>]
<figure/Trap.png, id=46, 215.80624pt x 119.44624pt>
File: figure/Trap.png Graphic file (type png)
 <use figure/Trap.png>
Package pdftex.def Info: figure/Trap.png used on input line 316.
(pdftex.def)             Requested size: 151.76964pt x 84.00546pt.

Underfull \hbox (badness 1248) in paragraph at lines 318--318
[]|\OT1/cmr/bx/n/12 XY Co-or-di-nate sys-tem\OT1/cmr/m/n/12 : Need \OT1/cmr/bx/
n/12 X
 []

<figure/XY.png, id=47, 227.85126pt x 155.58125pt>
File: figure/XY.png Graphic file (type png)
 <use figure/XY.png>
Package pdftex.def Info: figure/XY.png used on input line 318.
(pdftex.def)             Requested size: 151.76964pt x 103.63351pt.

Underfull \hbox (badness 10000) in paragraph at lines 320--320
[]|\OT1/cmr/bx/n/12 Intrinsic (Hy-draulic Prop-er-tis)\OT1/cmr/m/n/12 :
 []


Underfull \hbox (badness 5741) in paragraph at lines 320--320
\OT1/cmr/m/n/12 Un-like tra-di-tional hy-draulic mod-els,
 []

<figure/HP.png, id=48, 696.6025pt x 502.87875pt>
File: figure/HP.png Graphic file (type png)
 <use figure/HP.png>
Package pdftex.def Info: figure/HP.png used on input line 320.
(pdftex.def)             Requested size: 151.76964pt x 109.5594pt.

Overfull \hbox (6.65149pt too wide) in paragraph at lines 312--323
 [][] 
 []

[8] <figure/LayoutOfConnectovity/Connect_1.png, id=52, 722.7pt x 542.025pt>
File: figure/LayoutOfConnectovity/Connect_1.png Graphic file (type png)

<use figure/LayoutOfConnectovity/Connect_1.png>
Package pdftex.def Info: figure/LayoutOfConnectovity/Connect_1.png used on inpu
t line 336.
(pdftex.def)             Requested size: 325.215pt x 243.90898pt.

<figure/NHDPlus.png, id=53, 424.4658pt x 333.4056pt>
File: figure/NHDPlus.png Graphic file (type png)
 <use figure/NHDPlus.png>
Package pdftex.def Info: figure/NHDPlus.png used on input line 341.
(pdftex.def)             Requested size: 325.215pt x 255.46143pt.

[9 <./figure/Trap.png> <./figure/XY.png> <./figure/HP.png>] [10 <./figure/Layou
tOfConnectovity/Connect_1.png> <./figure/NHDPlus.png>]
<figure/LayoutOfConnectovity/Connect_2.png, id=68, 722.7pt x 542.025pt>
File: figure/LayoutOfConnectovity/Connect_2.png Graphic file (type png)

<use figure/LayoutOfConnectovity/Connect_2.png>
Package pdftex.def Info: figure/LayoutOfConnectovity/Connect_2.png used on inpu
t line 352.
(pdftex.def)             Requested size: 368.57964pt x 276.43736pt.

<figure/LayoutOfConnectovity/Connect_3.png, id=69, 722.7pt x 542.025pt>
File: figure/LayoutOfConnectovity/Connect_3.png Graphic file (type png)

<use figure/LayoutOfConnectovity/Connect_3.png>
Package pdftex.def Info: figure/LayoutOfConnectovity/Connect_3.png used on inpu
t line 357.
(pdftex.def)             Requested size: 368.57964pt x 276.43736pt.

<figure/LayoutOfConnectovity/Connect_4.png, id=70, 722.7pt x 542.025pt>
File: figure/LayoutOfConnectovity/Connect_4.png Graphic file (type png)

<use figure/LayoutOfConnectovity/Connect_4.png>
Package pdftex.def Info: figure/LayoutOfConnectovity/Connect_4.png used on inpu
t line 362.
(pdftex.def)             Requested size: 368.57964pt x 276.43736pt.
 [11 <./figure/LayoutOfConnectovity/Connect_2.png> <./figure/LayoutOfConnectovi
ty/Connect_3.png>]
<figure/mv_to_bin.png, id=76, 1085.05376pt x 78.2925pt>
File: figure/mv_to_bin.png Graphic file (type png)

<use figure/mv_to_bin.png>
Package pdftex.def Info: figure/mv_to_bin.png used on input line 386.
(pdftex.def)             Requested size: 433.62pt x 31.28777pt.
 [12 <./figure/LayoutOfConnectovity/Connect_4.png> <./figure/mv_to_bin.png>] <f
igure/cd_to_bin.png, id=82, 1082.0425pt x 56.21pt>
File: figure/cd_to_bin.png Graphic file (type png)

<use figure/cd_to_bin.png>
Package pdftex.def Info: figure/cd_to_bin.png used on input line 397.
(pdftex.def)             Requested size: 433.62pt x 22.52562pt.

<figure/ls_in_bin.png, id=83, 1001.7425pt x 81.30376pt>
File: figure/ls_in_bin.png Graphic file (type png)

<use figure/ls_in_bin.png>
Package pdftex.def Info: figure/ls_in_bin.png used on input line 409.
(pdftex.def)             Requested size: 433.62pt x 35.19315pt.

<figure/runsprnt.png, id=84, 1001.7425pt x 105.39375pt>
File: figure/runsprnt.png Graphic file (type png)

<use figure/runsprnt.png>
Package pdftex.def Info: figure/runsprnt.png used on input line 421.
(pdftex.def)             Requested size: 433.62pt x 45.62076pt.
 <figure/startrun.png, id=85, 931.48pt x 1021.8175pt>
File: figure/startrun.png Graphic file (type png)

<use figure/startrun.png>
Package pdftex.def Info: figure/startrun.png used on input line 429.
(pdftex.def)             Requested size: 433.62pt x 475.67035pt.
 [13 <./figure/cd_to_bin.png> <./figure/ls_in_bin.png> <./figure/runsprnt.png>]

<figure/outputfile.png, id=93, 932.48375pt x 104.39pt>
File: figure/outputfile.png Graphic file (type png)

<use figure/outputfile.png>
Package pdftex.def Info: figure/outputfile.png used on input line 438.
(pdftex.def)             Requested size: 433.62pt x 48.54242pt.
 [14 <./figure/startrun.png>]
<figure/outputfileformat.png, id=98, 1051.93pt x 1059.96pt>
File: figure/outputfileformat.png Graphic file (type png)

<use figure/outputfileformat.png>
Package pdftex.def Info: figure/outputfileformat.png used on input line 449.
(pdftex.def)             Requested size: 325.215pt x 327.69466pt.
 [15 <./figure/outputfile.png> <./figure/outputfileformat.png>] [16] [17] <figu
re/tt.png, id=110, 1358.07375pt x 1059.96pt>
File: figure/tt.png Graphic file (type png)

<use figure/tt.png>
Package pdftex.def Info: figure/tt.png used on input line 519.
(pdftex.def)             Requested size: 325.215pt x 253.81334pt.

(/usr/local/texlive/2014/texmf-dist/tex/latex/listings/lstlang1.sty
File: lstlang1.sty 2014/03/04 1.5c listings language file
)
(/usr/local/texlive/2014/texmf-dist/tex/latex/listings/lstlang1.sty
File: lstlang1.sty 2014/03/04 1.5c listings language file
)
(/usr/local/texlive/2014/texmf-dist/tex/latex/listings/lstmisc.sty
File: lstmisc.sty 2014/03/04 1.5c (Carsten Heinz)
) [18 <./figure/tt.png>]
Overfull \hbox (10.38452pt too wide) in paragraph at lines 562--563
[][][][][][][][][][][][][][][][][][][][][][][][][][][][][][][][][][][][][][][][
][][][][][][][][][][][][][][][][] 
 []

[19]
Overfull \hbox (10.98389pt too wide) in paragraph at lines 612--613
[][][][][][][][][][][][][][][][][][][][][][][][][][][][][][][][][][][][][][][][
][][][][][][][][][][][][][] 
 []

<figure/tgraph.png, id=120, 1039.885pt x 732.7375pt>
File: figure/tgraph.png Graphic file (type png)
 <use figure/tgraph.png>
Package pdftex.def Info: figure/tgraph.png used on input line 623.
(pdftex.def)             Requested size: 433.62pt x 305.54506pt.

[20 <./figure/tgraph.png>] <figure/make.png, id=125, 932.48375pt x 180.675pt>
File: figure/make.png Graphic file (type png)

<use figure/make.png>
Package pdftex.def Info: figure/make.png used on input line 763.
(pdftex.def)             Requested size: 433.62pt x 84.01575pt.
 [21 <./figure/make.png>]
<figure/aout_1.png, id=130, 1084.05pt x 54.2025pt>
File: figure/aout_1.png Graphic file (type png)
 <use figure/aout_1.png>
Package pdftex.def Info: figure/aout_1.png used on input line 774.
(pdftex.def)             Requested size: 433.62pt x 21.6806pt.

<figure/aout_2.png, id=131, 1082.0425pt x 131.49126pt>
File: figure/aout_2.png Graphic file (type png)
 <use figure/aout_2.png>
Package pdftex.def Info: figure/aout_2.png used on input line 781.
(pdftex.def)             Requested size: 433.62pt x 52.69388pt.

<figure/aout_4.png, id=132, 1084.05pt x 264.99pt>
File: figure/aout_4.png Graphic file (type png)
 <use figure/aout_4.png>
Package pdftex.def Info: figure/aout_4.png used on input line 794.
(pdftex.def)             Requested size: 433.62pt x 105.99411pt.

[22 <./figure/aout_1.png> <./figure/aout_2.png> <./figure/aout_4.png>] [23]
(./SPRNT_UserGuide.aux)

LaTeX Warning: There were multiply-defined labels.

 ) 
Here is how much of TeX's memory you used:
 7260 strings out of 493117
 107145 string characters out of 6135433
 201397 words of memory out of 5000000
 10566 multiletter control sequences out of 15000+600000
 15478 words of font info for 60 fonts, out of 8000000 for 9000
 1141 hyphenation exceptions out of 8191
 44i,15n,58p,829b,1215s stack positions out of 5000i,500n,10000p,200000b,80000s
</usr/local/texlive/2014/texmf-dist/fonts/type1/public/amsfonts/cm/cmbx12.pfb
></usr/local/texlive/2014/texmf-dist/fonts/type1/public/amsfonts/cm/cmbxti10.pf
b></usr/local/texlive/2014/texmf-dist/fonts/type1/public/amsfonts/cm/cmmi12.pfb
></usr/local/texlive/2014/texmf-dist/fonts/type1/public/amsfonts/cm/cmmi8.pfb><
/usr/local/texlive/2014/texmf-dist/fonts/type1/public/amsfonts/cm/cmr10.pfb></u
sr/local/texlive/2014/texmf-dist/fonts/type1/public/amsfonts/cm/cmr12.pfb></usr
/local/texlive/2014/texmf-dist/fonts/type1/public/amsfonts/cm/cmr17.pfb></usr/l
ocal/texlive/2014/texmf-dist/fonts/type1/public/amsfonts/cm/cmr8.pfb></usr/loca
l/texlive/2014/texmf-dist/fonts/type1/public/amsfonts/cm/cmsy10.pfb></usr/local
/texlive/2014/texmf-dist/fonts/type1/public/amsfonts/cm/cmsy7.pfb></usr/local/t
exlive/2014/texmf-dist/fonts/type1/public/amsfonts/cm/cmti12.pfb></usr/local/te
xlive/2014/texmf-dist/fonts/type1/public/amsfonts/cm/cmtt10.pfb></usr/local/tex
live/2014/texmf-dist/fonts/type1/public/amsfonts/cm/cmtt12.pfb>
Output written on SPRNT_UserGuide.pdf (23 pages, 4695674 bytes).
PDF statistics:
 184 PDF objects out of 1000 (max. 8388607)
 97 compressed objects within 1 object stream
 0 named destinations out of 1000 (max. 500000)
 121 words of extra memory for PDF output out of 10000 (max. 10000000)

